{
  "stats": {
    "suites": 3,
    "tests": 7,
    "passes": 5,
    "pending": 0,
    "failures": 2,
    "start": "2021-12-10T16:00:24.804Z",
    "end": "2021-12-10T16:00:46.886Z",
    "duration": 22082,
    "testsRegistered": 7,
    "passPercent": 71.42857142857143,
    "pendingPercent": 0,
    "other": 0,
    "hasOther": false,
    "skipped": 0,
    "hasSkipped": false
  },
  "results": [
    {
      "uuid": "902c5f39-c23f-4f4f-8ad4-5f0c7c7a39db",
      "title": "",
      "fullFile": "cypress/integration/payments_checkout.js",
      "file": "cypress/integration/payments_checkout.js",
      "beforeHooks": [],
      "afterHooks": [],
      "tests": [],
      "suites": [
        {
          "uuid": "78a1bbf5-d307-48ed-ad44-e55d674ac6c3",
          "title": "Payments Checkout Basic Setup",
          "fullFile": "",
          "file": "",
          "beforeHooks": [],
          "afterHooks": [],
          "tests": [
            {
              "title": "visits page /concerts by url-1.2.3",
              "fullTitle": "Payments Checkout Basic Setup visits page /concerts by url-1.2.3",
              "timedOut": null,
              "duration": 580,
              "state": "passed",
              "speed": "slow",
              "pass": true,
              "fail": false,
              "pending": false,
              "context": "{\n  \"title\": \"rubric_item\",\n  \"value\": \"1.2.3\"\n}",
              "code": "Cypress.on('test:after:run', function (test) {\n  addContext({\n    test: test\n  }, {\n    title: 'rubric_item',\n    value: '1.2.3'\n  });\n});\ncy.log('rubric 1.2.3');\ncy.visit(\"/concert\");",
              "err": {},
              "uuid": "a14fdb20-0010-4367-8f07-c13b9bb07195",
              "parentUUID": "78a1bbf5-d307-48ed-ad44-e55d674ac6c3",
              "isHook": false,
              "skipped": false
            },
            {
              "title": "Cypress test 123-1.2.4",
              "fullTitle": "Payments Checkout Basic Setup Cypress test 123-1.2.4",
              "timedOut": null,
              "duration": 349,
              "state": "passed",
              "speed": "slow",
              "pass": true,
              "fail": false,
              "pending": false,
              "context": "[\n  {\n    \"title\": \"rubric_item\",\n    \"value\": \"1.2.3\"\n  },\n  {\n    \"title\": \"rubric_item\",\n    \"value\": \"1.2.4\"\n  }\n]",
              "code": "Cypress.on('test:after:run', function (test) {\n  addContext({\n    test: test\n  }, {\n    title: 'rubric_item',\n    value: '1.2.4'\n  });\n});\ncy.visit(\"/\");",
              "err": {},
              "uuid": "00a0d072-2f63-4051-8c0b-236a971bf337",
              "parentUUID": "78a1bbf5-d307-48ed-ad44-e55d674ac6c3",
              "isHook": false,
              "skipped": false
            },
            {
              "title": "visits page /concerts by clicking navbar-1.2.5",
              "fullTitle": "Payments Checkout Basic Setup visits page /concerts by clicking navbar-1.2.5",
              "timedOut": null,
              "duration": 1219,
              "state": "passed",
              "speed": "slow",
              "pass": true,
              "fail": false,
              "pending": false,
              "context": "[\n  {\n    \"title\": \"rubric_item\",\n    \"value\": \"1.2.3\"\n  },\n  {\n    \"title\": \"rubric_item\",\n    \"value\": \"1.2.4\"\n  },\n  {\n    \"title\": \"rubric_item\",\n    \"value\": \"1.2.5\"\n  }\n]",
              "code": "cy.visit(\"/\");\ncy.contains(\"Concert Tickets\").click();\nCypress.on('test:after:run', function (test) {\n  addContext({\n    test: test\n  }, {\n    title: 'rubric_item',\n    value: '1.2.5'\n  });\n});",
              "err": {},
              "uuid": "884e1fa9-0d2e-4460-b6a7-94f82dcb5cf7",
              "parentUUID": "78a1bbf5-d307-48ed-ad44-e55d674ac6c3",
              "isHook": false,
              "skipped": false
            },
            {
              "title": "visits page /concerts by clicking button-1.2.6",
              "fullTitle": "Payments Checkout Basic Setup visits page /concerts by clicking button-1.2.6",
              "timedOut": null,
              "duration": 258,
              "state": "passed",
              "speed": "slow",
              "pass": true,
              "fail": false,
              "pending": false,
              "context": "[\n  {\n    \"title\": \"rubric_item\",\n    \"value\": \"1.2.3\"\n  },\n  {\n    \"title\": \"rubric_item\",\n    \"value\": \"1.2.4\"\n  },\n  {\n    \"title\": \"rubric_item\",\n    \"value\": \"1.2.5\"\n  },\n  {\n    \"title\": \"rubric_item\",\n    \"value\": \"1.2.6\"\n  }\n]",
              "code": "cy.visit(\"/\");\ncy.get(\"#concert\").click();\nCypress.on('test:after:run', function (test) {\n  addContext({\n    test: test\n  }, {\n    title: 'rubric_item',\n    value: '1.2.6'\n  });\n});",
              "err": {},
              "uuid": "127f307e-483c-4a65-9198-5dee5e98e5cf",
              "parentUUID": "78a1bbf5-d307-48ed-ad44-e55d674ac6c3",
              "isHook": false,
              "skipped": false
            },
            {
              "title": "Adds 2 tickets (3 total)-1.2.7",
              "fullTitle": "Payments Checkout Basic Setup Adds 2 tickets (3 total)-1.2.7",
              "timedOut": null,
              "duration": 284,
              "state": "passed",
              "speed": "slow",
              "pass": true,
              "fail": false,
              "pending": false,
              "context": "[\n  {\n    \"title\": \"rubric_item\",\n    \"value\": \"1.2.3\"\n  },\n  {\n    \"title\": \"rubric_item\",\n    \"value\": \"1.2.4\"\n  },\n  {\n    \"title\": \"rubric_item\",\n    \"value\": \"1.2.5\"\n  },\n  {\n    \"title\": \"rubric_item\",\n    \"value\": \"1.2.6\"\n  },\n  {\n    \"title\": \"rubric_item\",\n    \"value\": \"1.2.7\"\n  }\n]",
              "code": "cy.visit(\"/concert\");\ncy.get(\"#add\").click();\ncy.get(\"#add\").click();\ncy.get(\"#quantity-input\").should(\"have.value\", 3);\nCypress.on('test:after:run', function (test) {\n  addContext({\n    test: test\n  }, {\n    title: 'rubric_item',\n    value: '1.2.7'\n  });\n});",
              "err": {},
              "uuid": "5353c5dc-8f85-49f6-88a9-dba6bf08695e",
              "parentUUID": "78a1bbf5-d307-48ed-ad44-e55d674ac6c3",
              "isHook": false,
              "skipped": false
            }
          ],
          "suites": [],
          "passes": [
            "a14fdb20-0010-4367-8f07-c13b9bb07195",
            "00a0d072-2f63-4051-8c0b-236a971bf337",
            "884e1fa9-0d2e-4460-b6a7-94f82dcb5cf7",
            "127f307e-483c-4a65-9198-5dee5e98e5cf",
            "5353c5dc-8f85-49f6-88a9-dba6bf08695e"
          ],
          "failures": [],
          "pending": [],
          "skipped": [],
          "duration": 2690,
          "root": false,
          "rootEmpty": false,
          "_timeout": 2000
        },
        {
          "uuid": "97ed7e24-0f0d-4d97-a757-ada1cada5dc6",
          "title": "Payments Checkout Payment Flow",
          "fullFile": "",
          "file": "",
          "beforeHooks": [],
          "afterHooks": [],
          "tests": [
            {
              "title": "Renders Stripe Checkout and payment succeeds-1.2.8",
              "fullTitle": "Payments Checkout Payment Flow Renders Stripe Checkout and payment succeeds-1.2.8",
              "timedOut": null,
              "duration": 9609,
              "state": "failed",
              "speed": null,
              "pass": false,
              "fail": true,
              "pending": false,
              "context": "[\n  {\n    \"title\": \"rubric_item\",\n    \"value\": \"1.2.3\"\n  },\n  {\n    \"title\": \"rubric_item\",\n    \"value\": \"1.2.4\"\n  },\n  {\n    \"title\": \"rubric_item\",\n    \"value\": \"1.2.5\"\n  },\n  {\n    \"title\": \"rubric_item\",\n    \"value\": \"1.2.6\"\n  },\n  {\n    \"title\": \"rubric_item\",\n    \"value\": \"1.2.7\"\n  },\n  {\n    \"title\": \"rubric_item\",\n    \"value\": \"1.2.8\"\n  }\n]",
              "code": "cy.visit(\"/concert\");\nvar ccNumber = \"4242424242424242\";\nvar month = \"12\";\nvar year = \"30\";\nvar cvc = \"123\";\nvar zipCode = \"90210\";\ncy.get(\"#submit\").click();\ncy.wait(5000);\nvar randomizedName = Math.floor(Math.random() * 10000);\ncy.get(\"#email\").type(\"auto-\".concat(randomizedName, \"@stripecert.org\"));\ncy.get(\"#cardNumber\").type(\"4242424242424242\");\ncy.get(\"#cardExpiry\").type(\"1226\");\ncy.get(\"#cardCvc\").type(\"123\");\ncy.get(\"#billingName\").type(\"Auto Grader \" + randomizedName);\ncy.get(\"form\").submit();\ncy.wait(10000);\ncy.get(\".payment-summary\").contains(\"Your payment succeeded\");\nCypress.on('test:after:run', function (test) {\n  addContext({\n    test: test\n  }, {\n    title: 'rubric_item',\n    value: '1.2.8'\n  });\n});",
              "err": {
                "message": "AssertionError: Timed out retrying: Expected to find element: `#email`, but never found it.",
                "estack": "AssertionError: Timed out retrying: Expected to find element: `#email`, but never found it.\n    at Context.eval (http://localhost:3000/__cypress/tests?p=cypress/integration/payments_checkout.js:243:8)",
                "diff": null
              },
              "uuid": "a346e1ef-f1b0-4f6f-bf1a-0a5fa0383fb3",
              "parentUUID": "97ed7e24-0f0d-4d97-a757-ada1cada5dc6",
              "isHook": false,
              "skipped": false
            }
          ],
          "suites": [],
          "passes": [],
          "failures": [
            "a346e1ef-f1b0-4f6f-bf1a-0a5fa0383fb3"
          ],
          "pending": [],
          "skipped": [],
          "duration": 9609,
          "root": false,
          "rootEmpty": false,
          "_timeout": 2000
        },
        {
          "uuid": "0d7afee7-5740-4ffb-b05a-41d053def33e",
          "title": "Payments Checkout Back Flow",
          "fullFile": "",
          "file": "",
          "beforeHooks": [],
          "afterHooks": [],
          "tests": [
            {
              "title": "Clicking Back returns to Concerts Page-1.2.9",
              "fullTitle": "Payments Checkout Back Flow Clicking Back returns to Concerts Page-1.2.9",
              "timedOut": null,
              "duration": 9663,
              "state": "failed",
              "speed": null,
              "pass": false,
              "fail": true,
              "pending": false,
              "context": "[\n  {\n    \"title\": \"rubric_item\",\n    \"value\": \"1.2.3\"\n  },\n  {\n    \"title\": \"rubric_item\",\n    \"value\": \"1.2.4\"\n  },\n  {\n    \"title\": \"rubric_item\",\n    \"value\": \"1.2.5\"\n  },\n  {\n    \"title\": \"rubric_item\",\n    \"value\": \"1.2.6\"\n  },\n  {\n    \"title\": \"rubric_item\",\n    \"value\": \"1.2.7\"\n  },\n  {\n    \"title\": \"rubric_item\",\n    \"value\": \"1.2.8\"\n  },\n  {\n    \"title\": \"rubric_item\",\n    \"value\": \"1.2.9\"\n  }\n]",
              "code": "cy.visit(\"/concert\");\ncy.get(\"#add\").click();\ncy.get(\"#submit\").click();\ncy.wait(5000);\ncy.get(\".Header-businessLink-label\").click();\ncy.get(\"body\").contains(\"Annual Spring Academy Concert\");\nCypress.on('test:after:run', function (test) {\n  addContext({\n    test: test\n  }, {\n    title: 'rubric_item',\n    value: '1.2.9'\n  });\n});",
              "err": {
                "message": "AssertionError: Timed out retrying: Expected to find element: `.Header-businessLink-label`, but never found it.",
                "estack": "AssertionError: Timed out retrying: Expected to find element: `.Header-businessLink-label`, but never found it.\n    at Context.eval (http://localhost:3000/__cypress/tests?p=cypress/integration/payments_checkout.js:267:8)",
                "diff": null
              },
              "uuid": "e64b1f68-5313-4915-aef6-5c889301a3fc",
              "parentUUID": "0d7afee7-5740-4ffb-b05a-41d053def33e",
              "isHook": false,
              "skipped": false
            }
          ],
          "suites": [],
          "passes": [],
          "failures": [
            "e64b1f68-5313-4915-aef6-5c889301a3fc"
          ],
          "pending": [],
          "skipped": [],
          "duration": 9663,
          "root": false,
          "rootEmpty": false,
          "_timeout": 2000
        }
      ],
      "passes": [],
      "failures": [],
      "pending": [],
      "skipped": [],
      "duration": 0,
      "root": true,
      "rootEmpty": true,
      "_timeout": 2000
    }
  ],
  "meta": {
    "mocha": {
      "version": "7.0.1"
    },
    "mochawesome": {
      "options": {
        "quiet": false,
        "reportFilename": "stripechallengetestreport",
        "saveHtml": true,
        "saveJson": true,
        "consoleReporter": "spec",
        "useInlineDiffs": false,
        "code": true
      },
      "version": "7.0.1"
    },
    "marge": {
      "options": {
        "reportDir": "cypress/results",
        "reportFilename": "stripechallengetestreport",
        "overwrite": false,
        "html": true,
        "reportTitle": "Stripe Developer Challenge",
        "json": true
      },
      "version": "6.0.1"
    }
  }
}